Start testing: Sep 30 12:44 UTC
----------------------------------------------------------
1/1 Testing: test_ft_isalnum
1/1 Test: test_ft_isalnum
Command: "/root/projects/libft/test_src/test_ft_isalnum"
Directory: /root/projects/libft/test_src
"test_ft_isalnum" start time: Sep 30 12:44 UTC
Output:
----------------------------------------------------------
Running suite(s): isalnum
100%: Checks: 10, Failures: 0, Errors: 0
[0;32mAll tests passed![0m
<end of output>
Test time =   0.01 sec
----------------------------------------------------------
Test Passed.
"test_ft_isalnum" end time: Sep 30 12:44 UTC
"test_ft_isalnum" time elapsed: 00:00:00
----------------------------------------------------------

End testing: Sep 30 12:44 UTC
