Start testing: Oct 10 20:30 UTC
----------------------------------------------------------
1/8 Testing: test_ft_isalnum
1/8 Test: test_ft_isalnum
Command: "/root/projects/libft/test_src/test_ft_isalnum"
Directory: /root/projects/libft/test_src
"test_ft_isalnum" start time: Oct 10 20:30 UTC
Output:
----------------------------------------------------------
Running suite(s): isalnum
100%: Checks: 10, Failures: 0, Errors: 0
[0;32mAll tests passed![0m
<end of output>
Test time =   0.01 sec
----------------------------------------------------------
Test Passed.
"test_ft_isalnum" end time: Oct 10 20:30 UTC
"test_ft_isalnum" time elapsed: 00:00:00
----------------------------------------------------------

2/8 Testing: test_ft_isalpha
2/8 Test: test_ft_isalpha
Command: "/root/projects/libft/test_src/test_ft_isalpha"
Directory: /root/projects/libft/test_src
"test_ft_isalpha" start time: Oct 10 20:30 UTC
Output:
----------------------------------------------------------
Running suite(s): ft_isalpha
100%: Checks: 4, Failures: 0, Errors: 0
<end of output>
Test time =   0.01 sec
----------------------------------------------------------
Test Passed.
"test_ft_isalpha" end time: Oct 10 20:30 UTC
"test_ft_isalpha" time elapsed: 00:00:00
----------------------------------------------------------

3/8 Testing: test_ft_isascii
3/8 Test: test_ft_isascii
Command: "/root/projects/libft/test_src/test_ft_isascii"
Directory: /root/projects/libft/test_src
"test_ft_isascii" start time: Oct 10 20:30 UTC
Output:
----------------------------------------------------------
Running suite(s): ft_isascii
100%: Checks: 4, Failures: 0, Errors: 0
<end of output>
Test time =   0.01 sec
----------------------------------------------------------
Test Passed.
"test_ft_isascii" end time: Oct 10 20:30 UTC
"test_ft_isascii" time elapsed: 00:00:00
----------------------------------------------------------

4/8 Testing: test_ft_isdigit
4/8 Test: test_ft_isdigit
Command: "/root/projects/libft/test_src/test_ft_isdigit"
Directory: /root/projects/libft/test_src
"test_ft_isdigit" start time: Oct 10 20:30 UTC
Output:
----------------------------------------------------------
Running suite(s): ft_isdigit
100%: Checks: 6, Failures: 0, Errors: 0
<end of output>
Test time =   0.01 sec
----------------------------------------------------------
Test Passed.
"test_ft_isdigit" end time: Oct 10 20:30 UTC
"test_ft_isdigit" time elapsed: 00:00:00
----------------------------------------------------------

5/8 Testing: test_ft_isprint
5/8 Test: test_ft_isprint
Command: "/root/projects/libft/test_src/test_ft_isprint"
Directory: /root/projects/libft/test_src
"test_ft_isprint" start time: Oct 10 20:30 UTC
Output:
----------------------------------------------------------
Running suite(s): ft_isprint
100%: Checks: 4, Failures: 0, Errors: 0
<end of output>
Test time =   0.01 sec
----------------------------------------------------------
Test Passed.
"test_ft_isprint" end time: Oct 10 20:30 UTC
"test_ft_isprint" time elapsed: 00:00:00
----------------------------------------------------------

6/8 Testing: test_ft_isspace
6/8 Test: test_ft_isspace
Command: "/root/projects/libft/test_src/test_ft_isspace"
Directory: /root/projects/libft/test_src
"test_ft_isspace" start time: Oct 10 20:30 UTC
Output:
----------------------------------------------------------
Running suite(s): ft_isspace
100%: Checks: 4, Failures: 0, Errors: 0
<end of output>
Test time =   0.01 sec
----------------------------------------------------------
Test Passed.
"test_ft_isspace" end time: Oct 10 20:30 UTC
"test_ft_isspace" time elapsed: 00:00:00
----------------------------------------------------------

7/8 Testing: test_ft_isxdigit
7/8 Test: test_ft_isxdigit
Command: "/root/projects/libft/test_src/test_ft_isxdigit"
Directory: /root/projects/libft/test_src
"test_ft_isxdigit" start time: Oct 10 20:30 UTC
Output:
----------------------------------------------------------
Running suite(s): ft_isxdigit
100%: Checks: 6, Failures: 0, Errors: 0
<end of output>
Test time =   0.01 sec
----------------------------------------------------------
Test Passed.
"test_ft_isxdigit" end time: Oct 10 20:30 UTC
"test_ft_isxdigit" time elapsed: 00:00:00
----------------------------------------------------------

8/8 Testing: test_ft_memset
8/8 Test: test_ft_memset
Command: "/root/projects/libft/test_src/test_ft_memset"
Directory: /root/projects/libft/test_src
"test_ft_memset" start time: Oct 10 20:30 UTC
Output:
----------------------------------------------------------
Running suite(s): ft_memset
100%: Checks: 5, Failures: 0, Errors: 0
<end of output>
Test time =   1.55 sec
----------------------------------------------------------
Test Passed.
"test_ft_memset" end time: Oct 10 20:30 UTC
"test_ft_memset" time elapsed: 00:00:01
----------------------------------------------------------

End testing: Oct 10 20:30 UTC
